<?xml version="1.0" encoding="UTF-8"?>
<!-- Generated by org.testng.reporters.JUnitReportReporter -->
<testsuite hostname="localhosts" failures="0" tests="1" name="Product.CreateProductTest" time="47.776" errors="0" timestamp="2024-07-04T20:27:30 IST" skipped="0">
  <testcase classname="Product.CreateProductTest" name="CreateProductTest" time="47.776"/>
  <system-out/>
</testsuite> <!-- Product.CreateProductTest -->
