<?xml version="1.0" encoding="UTF-8"?>
<!-- Generated by org.testng.reporters.JUnitReportReporter -->
<testsuite hostname="localhosts" failures="0" tests="2" name="TestNG.SampleTestNG" time="0.019" errors="0" timestamp="2024-07-03T15:13:59 IST" skipped="0">
  <testcase classname="TestNG.SampleTestNG" name="modiftProduct" time="0.004"/>
  <system-out/>
  <testcase classname="TestNG.SampleTestNG" name="createProduct" time="0.015"/>
  <system-out/>
</testsuite> <!-- TestNG.SampleTestNG -->
