<?xml version="1.0" encoding="UTF-8"?>
<!-- Generated by org.testng.reporters.JUnitReportReporter -->
<testsuite hostname="localhosts" failures="0" tests="1" name="Organization.CreateOrganizationTest" time="23.159" errors="0" timestamp="2024-07-03T15:06:45 IST" skipped="0">
  <testcase classname="Organization.CreateOrganizationTest" name="CreateOrganizationTest" time="23.159"/>
  <system-out/>
</testsuite> <!-- Organization.CreateOrganizationTest -->
